TN:
SF:src/modules/appointments/services/CreateAppointmentService.ts
FN:48,__decorate
FN:48,__metadata
FN:48,__param
FN:48,__awaiter
FN:48,adopt
FN:48,fulfilled
FN:48,rejected
FN:48,step
FN:48,__generator
FN:48,sent
FN:48,g.<computed>
FN:48,verb
FN:48,step
FN:48,__importDefault
FN:21,CreateAppointmentService
FN:27,CreateAppointmentService.execute
FNF:16
FNH:14
FNDA:1,__decorate
FNDA:1,__metadata
FNDA:1,__param
FNDA:3,__awaiter
FNDA:5,adopt
FNDA:5,fulfilled
FNDA:0,rejected
FNDA:7,step
FNDA:3,__generator
FNDA:5,sent
FNDA:0,g.<computed>
FNDA:9,verb
FNDA:8,step
FNDA:1,__importDefault
FNDA:2,CreateAppointmentService
FNDA:3,CreateAppointmentService.execute
DA:1,1
DA:2,1
DA:3,1
DA:4,1
DA:5,1
DA:6,1
DA:7,1
DA:8,1
DA:9,1
DA:10,1
DA:11,1
DA:12,1
DA:13,1
DA:14,1
DA:15,1
DA:16,1
DA:17,1
DA:18,1
DA:19,1
DA:20,1
DA:21,1
DA:22,2
DA:23,2
DA:24,2
DA:25,1
DA:26,1
DA:27,1
DA:28,3
DA:29,3
DA:30,3
DA:31,3
DA:32,3
DA:33,3
DA:34,3
DA:35,1
DA:36,1
DA:37,2
DA:38,2
DA:39,2
DA:40,2
DA:41,2
DA:42,3
DA:43,3
DA:44,3
DA:45,3
DA:46,1
DA:47,1
DA:48,1
LF:48
LH:48
BRDA:48,0,0,1
BRDA:48,1,0,1
BRDA:48,2,0,0
BRDA:48,3,0,0
BRDA:48,4,0,0
BRDA:48,5,0,0
BRDA:48,6,0,1
BRDA:48,7,0,1
BRDA:48,8,0,1
BRDA:48,9,0,3
BRDA:48,10,0,5
BRDA:48,11,0,0
BRDA:48,12,0,3
BRDA:48,13,0,5
BRDA:48,14,0,4
BRDA:48,15,0,1
BRDA:48,16,0,7
BRDA:48,17,0,2
BRDA:48,18,0,5
BRDA:48,19,0,3
BRDA:48,20,0,5
BRDA:48,21,0,0
BRDA:48,22,0,9
BRDA:48,23,0,8
BRDA:48,24,0,8
BRDA:48,25,0,0
BRDA:48,26,0,16
BRDA:48,27,0,0
BRDA:48,28,0,0
BRDA:48,29,0,0
BRDA:48,30,0,0
BRDA:48,31,0,8
BRDA:48,32,0,8
BRDA:48,33,0,5
BRDA:48,34,0,0
BRDA:48,35,0,0
BRDA:48,36,0,3
BRDA:48,37,0,0
BRDA:48,38,0,2
BRDA:48,39,0,0
BRDA:48,40,0,0
BRDA:48,41,0,0
BRDA:48,42,0,0
BRDA:48,43,0,8
BRDA:48,44,0,7
BRDA:48,45,0,1
BRDA:48,46,0,8
BRDA:48,47,0,3
BRDA:48,48,0,1
BRDA:48,49,0,2
BRDA:48,50,0,0
BRDA:48,51,0,1
BRDA:48,52,0,0
BRDA:18,53,0,1
BRDA:21,54,0,2
BRDA:27,55,0,3
BRDA:48,56,0,3
BRDA:48,57,0,8
BRDA:48,58,0,3
BRDA:48,59,0,3
BRDA:34,60,0,1
BRDA:36,61,0,2
BRDA:48,62,0,2
BRF:63
BRH:43
end_of_record
TN:
SF:src/modules/users/services/AuthenticateUserService.ts
FN:66,__decorate
FN:66,__metadata
FN:66,__param
FN:66,__awaiter
FN:66,adopt
FN:66,fulfilled
FN:66,rejected
FN:66,step
FN:66,__generator
FN:66,sent
FN:66,g.<computed>
FN:66,verb
FN:66,step
FN:66,__importDefault
FN:23,AuthenticateUserService
FN:31,AuthenticateUserService.execute
FNF:16
FNH:14
FNDA:1,__decorate
FNDA:1,__metadata
FNDA:2,__param
FNDA:3,__awaiter
FNDA:5,adopt
FNDA:5,fulfilled
FNDA:0,rejected
FNDA:6,step
FNDA:3,__generator
FNDA:5,sent
FNDA:0,g.<computed>
FNDA:9,verb
FNDA:8,step
FNDA:2,__importDefault
FNDA:3,AuthenticateUserService
FNDA:3,AuthenticateUserService.execute
DA:1,1
DA:2,1
DA:3,1
DA:4,1
DA:5,1
DA:6,1
DA:7,1
DA:8,1
DA:9,1
DA:10,1
DA:11,1
DA:12,1
DA:13,1
DA:14,1
DA:15,1
DA:16,1
DA:17,1
DA:18,1
DA:19,1
DA:20,1
DA:21,1
DA:22,1
DA:23,1
DA:24,3
DA:25,3
DA:26,3
DA:27,3
DA:28,3
DA:29,3
DA:30,1
DA:31,1
DA:32,3
DA:33,3
DA:34,3
DA:35,1
DA:36,1
DA:37,2
DA:38,2
DA:39,2
DA:40,3
DA:41,3
DA:42,1
DA:43,1
DA:44,1
DA:45,1
DA:46,1
DA:47,1
DA:48,1
DA:49,1
DA:50,1
DA:51,1
DA:52,1
DA:53,1
DA:54,1
DA:55,1
DA:56,1
DA:57,1
DA:58,1
DA:59,1
DA:60,1
DA:61,1
DA:62,1
DA:63,3
DA:64,1
DA:65,1
DA:66,1
LF:66
LH:66
BRDA:66,0,0,1
BRDA:66,1,0,1
BRDA:66,2,0,0
BRDA:66,3,0,0
BRDA:66,4,0,0
BRDA:66,5,0,0
BRDA:66,6,0,1
BRDA:66,7,0,2
BRDA:66,8,0,2
BRDA:66,9,0,3
BRDA:66,10,0,5
BRDA:66,11,0,0
BRDA:66,12,0,3
BRDA:66,13,0,5
BRDA:66,14,0,3
BRDA:66,15,0,2
BRDA:66,16,0,6
BRDA:66,17,0,1
BRDA:66,18,0,5
BRDA:66,19,0,3
BRDA:66,20,0,5
BRDA:66,21,0,0
BRDA:66,22,0,9
BRDA:66,23,0,8
BRDA:66,24,0,8
BRDA:66,25,0,0
BRDA:66,26,0,16
BRDA:66,27,0,0
BRDA:66,28,0,0
BRDA:66,29,0,0
BRDA:66,30,0,0
BRDA:66,31,0,8
BRDA:66,32,0,8
BRDA:66,33,0,5
BRDA:66,34,0,0
BRDA:66,35,0,0
BRDA:66,36,0,3
BRDA:66,37,0,0
BRDA:66,38,0,1
BRDA:66,39,0,0
BRDA:66,40,0,0
BRDA:66,41,0,0
BRDA:66,42,0,0
BRDA:66,43,0,8
BRDA:66,44,0,6
BRDA:66,45,0,2
BRDA:66,46,0,8
BRDA:66,47,0,3
BRDA:66,48,0,2
BRDA:66,49,0,1
BRDA:66,50,0,0
BRDA:66,51,0,2
BRDA:66,52,0,0
BRDA:22,53,0,1
BRDA:23,54,0,3
BRDA:31,55,0,3
BRDA:66,56,0,3
BRDA:66,57,0,8
BRDA:32,58,0,3
BRDA:66,59,0,3
BRDA:34,60,0,1
BRDA:36,61,0,2
BRDA:66,62,0,2
BRDA:41,63,0,1
BRF:64
BRH:44
end_of_record
TN:
SF:src/modules/users/services/CreateUserService.ts
FN:46,__decorate
FN:46,__metadata
FN:46,__param
FN:46,__awaiter
FN:46,adopt
FN:46,fulfilled
FN:46,rejected
FN:46,step
FN:46,__generator
FN:46,sent
FN:46,g.<computed>
FN:46,verb
FN:46,step
FN:46,__importDefault
FN:17,CreateUserService
FN:25,CreateUserService.execute
FNF:16
FNH:14
FNDA:2,__decorate
FNDA:2,__metadata
FNDA:4,__param
FNDA:5,__awaiter
FNDA:13,adopt
FNDA:13,fulfilled
FNDA:0,rejected
FNDA:17,step
FNDA:5,__generator
FNDA:13,sent
FNDA:0,g.<computed>
FNDA:15,verb
FNDA:18,step
FNDA:2,__importDefault
FNDA:5,CreateUserService
FNDA:5,CreateUserService.execute
DA:1,1
DA:2,1
DA:3,1
DA:4,1
DA:5,1
DA:6,1
DA:7,1
DA:8,1
DA:9,1
DA:10,1
DA:11,1
DA:12,1
DA:13,1
DA:14,1
DA:15,1
DA:16,2
DA:17,2
DA:18,5
DA:19,5
DA:20,5
DA:21,5
DA:22,5
DA:23,5
DA:24,2
DA:25,2
DA:26,5
DA:27,5
DA:28,5
DA:29,5
DA:30,1
DA:31,1
DA:32,4
DA:33,4
DA:34,5
DA:35,5
DA:36,5
DA:37,5
DA:38,5
DA:39,5
DA:40,5
DA:41,5
DA:42,5
DA:43,2
DA:44,2
DA:45,1
DA:46,1
LF:46
LH:46
BRDA:46,0,0,2
BRDA:46,1,0,2
BRDA:46,2,0,0
BRDA:46,3,0,0
BRDA:46,4,0,0
BRDA:46,5,0,0
BRDA:46,6,0,2
BRDA:46,7,0,4
BRDA:46,8,0,4
BRDA:46,9,0,5
BRDA:46,10,0,13
BRDA:46,11,0,0
BRDA:46,12,0,5
BRDA:46,13,0,13
BRDA:46,14,0,12
BRDA:46,15,0,1
BRDA:46,16,0,17
BRDA:46,17,0,4
BRDA:46,18,0,13
BRDA:46,19,0,5
BRDA:46,20,0,13
BRDA:46,21,0,0
BRDA:46,22,0,15
BRDA:46,23,0,18
BRDA:46,24,0,18
BRDA:46,25,0,0
BRDA:46,26,0,36
BRDA:46,27,0,0
BRDA:46,28,0,0
BRDA:46,29,0,0
BRDA:46,30,0,0
BRDA:46,31,0,18
BRDA:46,32,0,18
BRDA:46,33,0,13
BRDA:46,34,0,0
BRDA:46,35,0,0
BRDA:46,36,0,5
BRDA:46,37,0,0
BRDA:46,38,0,4
BRDA:46,39,0,0
BRDA:46,40,0,0
BRDA:46,41,0,0
BRDA:46,42,0,0
BRDA:46,43,0,28
BRDA:46,44,0,18
BRDA:46,45,0,17
BRDA:46,46,0,1
BRDA:46,47,0,18
BRDA:46,48,0,5
BRDA:46,49,0,1
BRDA:46,50,0,4
BRDA:46,51,0,0
BRDA:46,52,0,2
BRDA:46,53,0,0
BRDA:16,54,0,2
BRDA:17,55,0,5
BRDA:25,56,0,5
BRDA:46,57,0,5
BRDA:46,58,0,18
BRDA:27,59,0,5
BRDA:46,60,0,5
BRDA:29,61,0,1
BRDA:31,62,0,4
BRDA:46,63,0,4
BRDA:46,64,0,4
BRF:65
BRH:45
end_of_record
TN:
SF:src/modules/users/services/ResetPasswordService.ts
FN:57,__decorate
FN:57,__metadata
FN:57,__param
FN:57,__awaiter
FN:57,adopt
FN:57,fulfilled
FN:57,rejected
FN:57,step
FN:57,__generator
FN:57,sent
FN:57,g.<computed>
FN:57,verb
FN:57,step
FN:57,__importDefault
FN:19,ResetPasswordService
FN:30,ResetPasswordService.execute
FNF:16
FNH:14
FNDA:1,__decorate
FNDA:1,__metadata
FNDA:3,__param
FNDA:4,__awaiter
FNDA:9,adopt
FNDA:9,fulfilled
FNDA:0,rejected
FNDA:10,step
FNDA:4,__generator
FNDA:9,sent
FNDA:0,g.<computed>
FNDA:12,verb
FNDA:13,step
FNDA:1,__importDefault
FNDA:4,ResetPasswordService
FNDA:4,ResetPasswordService.execute
DA:1,1
DA:2,1
DA:3,1
DA:4,1
DA:5,1
DA:6,1
DA:7,1
DA:8,1
DA:9,1
DA:10,1
DA:11,1
DA:12,1
DA:13,1
DA:14,1
DA:15,1
DA:16,1
DA:17,1
DA:18,1
DA:19,1
DA:20,4
DA:21,4
DA:22,4
DA:23,4
DA:24,4
DA:25,4
DA:26,4
DA:27,4
DA:28,4
DA:29,1
DA:30,1
DA:31,4
DA:32,4
DA:33,4
DA:34,1
DA:35,1
DA:36,3
DA:37,3
DA:38,4
DA:39,4
DA:40,1
DA:41,1
DA:42,2
DA:43,2
DA:44,2
DA:45,2
DA:46,4
DA:47,1
DA:48,1
DA:49,1
DA:50,1
DA:51,4
DA:52,4
DA:53,4
DA:54,4
DA:55,1
DA:56,1
DA:57,1
LF:57
LH:57
BRDA:57,0,0,1
BRDA:57,1,0,1
BRDA:57,2,0,0
BRDA:57,3,0,0
BRDA:57,4,0,0
BRDA:57,5,0,0
BRDA:57,6,0,1
BRDA:57,7,0,3
BRDA:57,8,0,3
BRDA:57,9,0,4
BRDA:57,10,0,9
BRDA:57,11,0,0
BRDA:57,12,0,4
BRDA:57,13,0,9
BRDA:57,14,0,6
BRDA:57,15,0,3
BRDA:57,16,0,10
BRDA:57,17,0,1
BRDA:57,18,0,9
BRDA:57,19,0,4
BRDA:57,20,0,9
BRDA:57,21,0,0
BRDA:57,22,0,12
BRDA:57,23,0,13
BRDA:57,24,0,13
BRDA:57,25,0,0
BRDA:57,26,0,26
BRDA:57,27,0,0
BRDA:57,28,0,0
BRDA:57,29,0,0
BRDA:57,30,0,0
BRDA:57,31,0,13
BRDA:57,32,0,13
BRDA:57,33,0,9
BRDA:57,34,0,0
BRDA:57,35,0,0
BRDA:57,36,0,4
BRDA:57,37,0,0
BRDA:57,38,0,1
BRDA:57,39,0,0
BRDA:57,40,0,0
BRDA:57,41,0,0
BRDA:57,42,0,0
BRDA:57,43,0,13
BRDA:57,44,0,10
BRDA:57,45,0,3
BRDA:57,46,0,13
BRDA:57,47,0,4
BRDA:57,48,0,3
BRDA:57,49,0,1
BRDA:57,50,0,0
BRDA:57,51,0,1
BRDA:57,52,0,0
BRDA:18,53,0,1
BRDA:19,54,0,4
BRDA:30,55,0,4
BRDA:57,56,0,4
BRDA:57,57,0,13
BRDA:31,58,0,4
BRDA:57,59,0,4
BRDA:33,60,0,1
BRDA:35,61,0,3
BRDA:57,62,0,3
BRDA:39,63,0,1
BRDA:41,64,0,2
BRDA:46,65,0,1
BRDA:57,66,0,1
BRDA:57,67,0,1
BRF:68
BRH:48
end_of_record
TN:
SF:src/modules/users/services/SendForgotPasswordEmailService.ts
FN:62,__decorate
FN:62,__metadata
FN:62,__param
FN:62,__awaiter
FN:62,adopt
FN:62,fulfilled
FN:62,rejected
FN:62,step
FN:62,__generator
FN:62,sent
FN:62,g.<computed>
FN:62,verb
FN:62,step
FN:62,__importDefault
FN:17,SendForgotPasswordEmailService
FN:28,SendForgotPasswordEmailService.execute
FNF:16
FNH:14
FNDA:1,__decorate
FNDA:1,__metadata
FNDA:3,__param
FNDA:3,__awaiter
FNDA:7,adopt
FNDA:7,fulfilled
FNDA:0,rejected
FNDA:9,step
FNDA:3,__generator
FNDA:7,sent
FNDA:0,g.<computed>
FNDA:9,verb
FNDA:10,step
FNDA:2,__importDefault
FNDA:3,SendForgotPasswordEmailService
FNDA:3,SendForgotPasswordEmailService.execute
DA:1,1
DA:2,1
DA:3,1
DA:4,1
DA:5,1
DA:6,1
DA:7,1
DA:8,1
DA:9,1
DA:10,1
DA:11,1
DA:12,1
DA:13,1
DA:14,1
DA:15,1
DA:16,1
DA:17,1
DA:18,3
DA:19,3
DA:20,3
DA:21,3
DA:22,3
DA:23,3
DA:24,3
DA:25,3
DA:26,3
DA:27,1
DA:28,1
DA:29,3
DA:30,3
DA:31,3
DA:32,1
DA:33,1
DA:34,2
DA:35,2
DA:36,3
DA:37,3
DA:38,3
DA:39,3
DA:40,3
DA:41,3
DA:42,3
DA:43,3
DA:44,3
DA:45,3
DA:46,3
DA:47,3
DA:48,3
DA:49,3
DA:50,3
DA:51,3
DA:52,3
DA:53,3
DA:54,3
DA:55,3
DA:56,3
DA:57,3
DA:58,3
DA:59,1
DA:60,1
DA:61,1
DA:62,1
LF:62
LH:62
BRDA:62,0,0,1
BRDA:62,1,0,1
BRDA:62,2,0,0
BRDA:62,3,0,0
BRDA:62,4,0,0
BRDA:62,5,0,0
BRDA:62,6,0,1
BRDA:62,7,0,3
BRDA:62,8,0,3
BRDA:62,9,0,3
BRDA:62,10,0,7
BRDA:62,11,0,0
BRDA:62,12,0,3
BRDA:62,13,0,7
BRDA:62,14,0,6
BRDA:62,15,0,1
BRDA:62,16,0,9
BRDA:62,17,0,2
BRDA:62,18,0,7
BRDA:62,19,0,3
BRDA:62,20,0,7
BRDA:62,21,0,0
BRDA:62,22,0,9
BRDA:62,23,0,10
BRDA:62,24,0,10
BRDA:62,25,0,0
BRDA:62,26,0,20
BRDA:62,27,0,0
BRDA:62,28,0,0
BRDA:62,29,0,0
BRDA:62,30,0,0
BRDA:62,31,0,10
BRDA:62,32,0,10
BRDA:62,33,0,7
BRDA:62,34,0,0
BRDA:62,35,0,0
BRDA:62,36,0,3
BRDA:62,37,0,0
BRDA:62,38,0,2
BRDA:62,39,0,0
BRDA:62,40,0,0
BRDA:62,41,0,0
BRDA:62,42,0,0
BRDA:62,43,0,10
BRDA:62,44,0,9
BRDA:62,45,0,1
BRDA:62,46,0,10
BRDA:62,47,0,3
BRDA:62,48,0,1
BRDA:62,49,0,2
BRDA:62,50,0,0
BRDA:62,51,0,2
BRDA:62,52,0,1
BRDA:62,53,0,1
BRDA:16,54,0,1
BRDA:17,55,0,3
BRDA:28,56,0,3
BRDA:62,57,0,3
BRDA:62,58,0,10
BRDA:29,59,0,3
BRDA:62,60,0,3
BRDA:31,61,0,1
BRDA:33,62,0,2
BRDA:62,63,0,2
BRDA:62,64,0,2
BRF:65
BRH:46
end_of_record
TN:
SF:src/modules/users/services/UpdateUserAvatarService.ts
FN:51,__decorate
FN:51,__metadata
FN:51,__param
FN:51,__awaiter
FN:51,adopt
FN:51,fulfilled
FN:51,rejected
FN:51,step
FN:51,__generator
FN:51,sent
FN:51,g.<computed>
FN:51,verb
FN:51,step
FN:51,__importDefault
FN:22,UpdateUserAvatarService
FN:30,UpdateUserAvatarService.execute
FNF:16
FNH:14
FNDA:1,__decorate
FNDA:1,__metadata
FNDA:2,__param
FNDA:4,__awaiter
FNDA:11,adopt
FNDA:11,fulfilled
FNDA:0,rejected
FNDA:14,step
FNDA:4,__generator
FNDA:11,sent
FNDA:0,g.<computed>
FNDA:12,verb
FNDA:15,step
FNDA:1,__importDefault
FNDA:3,UpdateUserAvatarService
FNDA:4,UpdateUserAvatarService.execute
DA:1,1
DA:2,1
DA:3,1
DA:4,1
DA:5,1
DA:6,1
DA:7,1
DA:8,1
DA:9,1
DA:10,1
DA:11,1
DA:12,1
DA:13,1
DA:14,1
DA:15,1
DA:16,1
DA:17,1
DA:18,1
DA:19,1
DA:20,1
DA:21,1
DA:22,1
DA:23,3
DA:24,3
DA:25,3
DA:26,3
DA:27,3
DA:28,3
DA:29,1
DA:30,1
DA:31,4
DA:32,4
DA:33,4
DA:34,1
DA:35,1
DA:36,3
DA:37,3
DA:38,1
DA:39,4
DA:40,4
DA:41,4
DA:42,4
DA:43,4
DA:44,4
DA:45,4
DA:46,4
DA:47,4
DA:48,4
DA:49,1
DA:50,1
DA:51,1
LF:51
LH:51
BRDA:51,0,0,1
BRDA:51,1,0,1
BRDA:51,2,0,0
BRDA:51,3,0,0
BRDA:51,4,0,0
BRDA:51,5,0,0
BRDA:51,6,0,1
BRDA:51,7,0,2
BRDA:51,8,0,2
BRDA:51,9,0,4
BRDA:51,10,0,11
BRDA:51,11,0,0
BRDA:51,12,0,4
BRDA:51,13,0,11
BRDA:51,14,0,10
BRDA:51,15,0,1
BRDA:51,16,0,14
BRDA:51,17,0,3
BRDA:51,18,0,11
BRDA:51,19,0,4
BRDA:51,20,0,11
BRDA:51,21,0,0
BRDA:51,22,0,12
BRDA:51,23,0,15
BRDA:51,24,0,15
BRDA:51,25,0,0
BRDA:51,26,0,32
BRDA:51,27,0,0
BRDA:51,28,0,0
BRDA:51,29,0,0
BRDA:51,30,0,0
BRDA:51,31,0,15
BRDA:51,32,0,15
BRDA:51,33,0,11
BRDA:51,34,0,0
BRDA:51,35,0,0
BRDA:51,36,0,6
BRDA:51,37,0,0
BRDA:51,38,0,5
BRDA:51,39,0,4
BRDA:51,40,0,2
BRDA:51,41,0,0
BRDA:51,42,0,2
BRDA:51,43,0,0
BRDA:51,44,0,0
BRDA:51,45,0,0
BRDA:51,46,0,17
BRDA:51,47,0,16
BRDA:51,48,0,1
BRDA:51,49,0,17
BRDA:51,50,0,4
BRDA:51,51,0,1
BRDA:51,52,0,3
BRDA:51,53,0,0
BRDA:51,54,0,1
BRDA:51,55,0,0
BRDA:21,56,0,1
BRDA:22,57,0,3
BRDA:30,58,0,4
BRDA:51,59,0,4
BRDA:51,60,0,17
BRDA:31,61,0,4
BRDA:51,62,0,4
BRDA:33,63,0,1
BRDA:35,64,0,3
BRDA:37,65,0,2
BRDA:37,66,0,1
BRDA:51,67,0,1
BRDA:41,68,0,3
BRDA:51,69,0,3
BRDA:51,70,0,3
BRF:71
BRH:51
end_of_record
